[debug] [2021-06-11T12:09:04.443Z] ----------------------------------------------------------------------
[debug] [2021-06-11T12:09:04.445Z] Command:       C:\Program Files\nodejs\node.exe C:\Users\Faizan Khan\AppData\Roaming\npm\node_modules\firebase-tools\lib\bin\firebase.js init
[debug] [2021-06-11T12:09:04.446Z] CLI Version:   9.10.0
[debug] [2021-06-11T12:09:04.446Z] Platform:      win32
[debug] [2021-06-11T12:09:04.446Z] Node Version:  v14.16.0
[debug] [2021-06-11T12:09:04.447Z] Time:          Fri Jun 11 2021 17:09:04 GMT+0500 (Pakistan Standard Time)
[debug] [2021-06-11T12:09:04.447Z] ----------------------------------------------------------------------
[debug] 
[debug] [2021-06-11T12:09:04.458Z] > command requires scopes: ["email","openid","https://www.googleapis.com/auth/cloudplatformprojects.readonly","https://www.googleapis.com/auth/firebase","https://www.googleapis.com/auth/cloud-platform"]
[debug] [2021-06-11T12:09:04.458Z] > authorizing via signed-in user (faizankhn.fk97@gmail.com)
[info] 
     ######## #### ########  ######## ########     ###     ######  ########
     ##        ##  ##     ## ##       ##     ##  ##   ##  ##       ##
     ######    ##  ########  ######   ########  #########  ######  ######
     ##        ##  ##    ##  ##       ##     ## ##     ##       ## ##
     ##       #### ##     ## ######## ########  ##     ##  ######  ########

You're about to initialize a Firebase project in this directory:

  E:\Web And Mobile Hubrid App Dev. (Module B)\Projects\noon-clone

Before we get started, keep in mind:

  * You are initializing in an existing Firebase project directory

[info] 
=== Project Setup
[info] 
[info] First, let's associate this project directory with a Firebase project.
[info] You can create multiple project aliases by running firebase use --add, 
[info] but for now we'll just set up a default project.
[info] 
[info] i  .firebaserc already has a default project, using noon-clone. 
[debug] [2021-06-11T12:09:40.657Z] > refreshing access token with scopes: []
[debug] [2021-06-11T12:09:40.658Z] >>> HTTP REQUEST POST https://www.googleapis.com/oauth2/v3/token  
 <request body omitted>
[debug] [2021-06-11T12:09:41.144Z] <<< HTTP RESPONSE 200 {"expires":"Mon, 01 Jan 1990 00:00:00 GMT","cache-control":"no-cache, no-store, max-age=0, must-revalidate","date":"Fri, 11 Jun 2021 12:09:43 GMT","pragma":"no-cache","content-type":"application/json; charset=utf-8","vary":"X-Origin, Referer, Origin,Accept-Encoding","server":"scaffolding on HTTPServer2","x-xss-protection":"0","x-frame-options":"SAMEORIGIN","x-content-type-options":"nosniff","alt-svc":"h3-29=\":443\"; ma=2592000,h3-T051=\":443\"; ma=2592000,h3-Q050=\":443\"; ma=2592000,h3-Q046=\":443\"; ma=2592000,h3-Q043=\":443\"; ma=2592000,quic=\":443\"; ma=2592000; v=\"46,43\"","accept-ranges":"none","transfer-encoding":"chunked"}
[debug] [2021-06-11T12:09:41.347Z] >>> [apiv2][query] GET https://firebase.googleapis.com/v1beta1/projects/noon-clone [none]
[debug] [2021-06-11T12:09:41.922Z] <<< [apiv2][status] GET https://firebase.googleapis.com/v1beta1/projects/noon-clone 200
[debug] [2021-06-11T12:09:41.923Z] <<< [apiv2][body] GET https://firebase.googleapis.com/v1beta1/projects/noon-clone {"projectId":"noon-clone","projectNumber":"884340180180","displayName":"noon-clone","name":"projects/noon-clone","resources":{"hostingSite":"noon-clone"},"state":"ACTIVE"}
[info] 
=== Hosting Setup
[info] 
[info] Your public directory is the folder (relative to your project directory) that
[info] will contain Hosting assets to be uploaded with firebase deploy. If you
[info] have a build process for your assets, use your build's output directory.
[info] 
[debug] [2021-06-11T13:14:17.462Z] ----------------------------------------------------------------------
[debug] [2021-06-11T13:14:17.465Z] Command:       C:\Program Files\nodejs\node.exe C:\Users\Faizan Khan\AppData\Roaming\npm\node_modules\firebase-tools\lib\bin\firebase.js init
[debug] [2021-06-11T13:14:17.465Z] CLI Version:   9.10.0
[debug] [2021-06-11T13:14:17.466Z] Platform:      win32
[debug] [2021-06-11T13:14:17.466Z] Node Version:  v14.16.0
[debug] [2021-06-11T13:14:17.467Z] Time:          Fri Jun 11 2021 18:14:17 GMT+0500 (Pakistan Standard Time)
[debug] [2021-06-11T13:14:17.467Z] ----------------------------------------------------------------------
[debug] 
[debug] [2021-06-11T13:14:17.478Z] > command requires scopes: ["email","openid","https://www.googleapis.com/auth/cloudplatformprojects.readonly","https://www.googleapis.com/auth/firebase","https://www.googleapis.com/auth/cloud-platform"]
[debug] [2021-06-11T13:14:17.478Z] > authorizing via signed-in user (faizankhn.fk97@gmail.com)
[info] 
     ######## #### ########  ######## ########     ###     ######  ########
     ##        ##  ##     ## ##       ##     ##  ##   ##  ##       ##
     ######    ##  ########  ######   ########  #########  ######  ######
     ##        ##  ##    ##  ##       ##     ## ##     ##       ## ##
     ##       #### ##     ## ######## ########  ##     ##  ######  ########

You're about to initialize a Firebase project in this directory:

  E:\Web And Mobile Hubrid App Dev. (Module B)\Projects\noon-clone

Before we get started, keep in mind:

  * You are initializing in an existing Firebase project directory

[info] 
=== Project Setup
[info] 
[info] First, let's associate this project directory with a Firebase project.
[info] You can create multiple project aliases by running firebase use --add, 
[info] but for now we'll just set up a default project.
[info] 
[info] i  .firebaserc already has a default project, using noon-clone. 
[debug] [2021-06-11T13:14:23.432Z] > refreshing access token with scopes: []
[debug] [2021-06-11T13:14:23.434Z] >>> HTTP REQUEST POST https://www.googleapis.com/oauth2/v3/token  
 <request body omitted>
[debug] [2021-06-11T13:14:23.895Z] <<< HTTP RESPONSE 200 {"pragma":"no-cache","cache-control":"no-cache, no-store, max-age=0, must-revalidate","expires":"Mon, 01 Jan 1990 00:00:00 GMT","date":"Fri, 11 Jun 2021 13:14:23 GMT","content-type":"application/json; charset=utf-8","vary":"X-Origin, Referer, Origin,Accept-Encoding","server":"scaffolding on HTTPServer2","x-xss-protection":"0","x-frame-options":"SAMEORIGIN","x-content-type-options":"nosniff","alt-svc":"h3=\":443\"; ma=2592000,h3-29=\":443\"; ma=2592000,h3-T051=\":443\"; ma=2592000,h3-Q050=\":443\"; ma=2592000,h3-Q046=\":443\"; ma=2592000,h3-Q043=\":443\"; ma=2592000,quic=\":443\"; ma=2592000; v=\"46,43\"","accept-ranges":"none","transfer-encoding":"chunked"}
[debug] [2021-06-11T13:14:24.011Z] >>> [apiv2][query] GET https://firebase.googleapis.com/v1beta1/projects/noon-clone [none]
[debug] [2021-06-11T13:14:24.619Z] <<< [apiv2][status] GET https://firebase.googleapis.com/v1beta1/projects/noon-clone 200
[debug] [2021-06-11T13:14:24.619Z] <<< [apiv2][body] GET https://firebase.googleapis.com/v1beta1/projects/noon-clone {"projectId":"noon-clone","projectNumber":"884340180180","displayName":"noon-clone","name":"projects/noon-clone","resources":{"hostingSite":"noon-clone"},"state":"ACTIVE"}
[info] 
=== Hosting Setup
[info] 
[info] Your public directory is the folder (relative to your project directory) that
[info] will contain Hosting assets to be uploaded with firebase deploy. If you
[info] have a build process for your assets, use your build's output directory.
[info] 
[debug] [2021-06-11T13:14:31.137Z] >>> [apiv2][query] GET https://www.gstatic.com/firebasejs/releases.json [none]
[debug] [2021-06-11T13:14:31.415Z] <<< [apiv2][status] GET https://www.gstatic.com/firebasejs/releases.json 200
[debug] [2021-06-11T13:14:31.415Z] <<< [apiv2][body] GET https://www.gstatic.com/firebasejs/releases.json {"current":{"version":"8.6.7","browserURL":"https://www.gstatic.com/firebasejs/8.6.7/firebase.js","packageURL":"https://www.gstatic.com/firebasejs/8.6.7/firebase.tgz"},"live":{"version":"8.6","browserURL":"https://www.gstatic.com/firebasejs/live/8.6/firebase.js","packageURL":"https://www.gstatic.com/firebasejs/live/8.6/firebase.tgz"},"components":{"analytics":"https://www.gstatic.com/firebasejs/8.6.7/firebase-analytics.js","app":"https://www.gstatic.com/firebasejs/8.6.7/firebase-app.js","app-check":"https://www.gstatic.com/firebasejs/8.6.7/firebase-app-check.js","auth":"https://www.gstatic.com/firebasejs/8.6.7/firebase-auth.js","database":"https://www.gstatic.com/firebasejs/8.6.7/firebase-database.js","firestore":"https://www.gstatic.com/firebasejs/8.6.7/firebase-firestore.js","functions":"https://www.gstatic.com/firebasejs/8.6.7/firebase-functions.js","installations":"https://www.gstatic.com/firebasejs/8.6.7/firebase-installations.js","messaging":"https://www.gstatic.com/firebasejs/8.6.7/firebase-messaging.js","storage":"https://www.gstatic.com/firebasejs/8.6.7/firebase-storage.js","performance":"https://www.gstatic.com/firebasejs/8.6.7/firebase-performance.js","remote-config":"https://www.gstatic.com/firebasejs/8.6.7/firebase-remote-config.js","firestore.memory":"https://www.gstatic.com/firebasejs/8.6.7/firebase-firestore.memory.js"}}
[info] +  Wrote build/index.html 
[info] 
[info] i  Didn't detect a .git folder. Assuming E:\Web And Mobile Hubrid App Dev. (Module B)\Projects\noon-clone is the project root. 
[info] i  Authorizing with GitHub to upload your service account to a GitHub repository's secrets store. 
[info] 
[info] Visit this URL on this device to log in:
[info] https://github.com/login/oauth/authorize?client_id=89cf50f02ac6aaed3484&state=327657293&redirect_uri=http%3A%2F%2Flocalhost%3A9005&scope=read%3Auser%20repo%20public_repo
[info] 
[info] Waiting for authentication...
[debug] [2021-06-11T13:14:40.761Z] >>> HTTP REQUEST POST https://github.com/login/oauth/access_token  
 {"client_id":"89cf50f02ac6aaed3484","client_secret":"3330d14abc895d9a74d5f17cd7a00711fa2c5bf0","code":"0e805ac9ef81aacca5ba","redirect_uri":"http://localhost:9005","state":"327657293"}
[debug] [2021-06-11T13:14:41.393Z] <<< HTTP RESPONSE 200 {"server":"GitHub.com","date":"Fri, 11 Jun 2021 13:14:41 GMT","content-type":"application/json; charset=utf-8","transfer-encoding":"chunked","vary":"X-PJAX, Accept-Encoding, Accept, X-Requested-With","permissions-policy":"interest-cohort=()","etag":"W/\"0bd904f7cdfce39f1c55a8097d6b3c0a\"","cache-control":"max-age=0, private, must-revalidate","strict-transport-security":"max-age=31536000; includeSubdomains; preload","x-frame-options":"deny","x-content-type-options":"nosniff","x-xss-protection":"0","referrer-policy":"origin-when-cross-origin, strict-origin-when-cross-origin","expect-ct":"max-age=2592000, report-uri=\"https://api.github.com/_private/browser/errors\"","content-security-policy":"default-src 'none'; base-uri 'self'; block-all-mixed-content; connect-src 'self' uploads.github.com www.githubstatus.com collector.githubapp.com api.github.com github-cloud.s3.amazonaws.com github-production-repository-file-5c1aeb.s3.amazonaws.com github-production-upload-manifest-file-7fdce7.s3.amazonaws.com github-production-user-asset-6210df.s3.amazonaws.com html-translator.herokuapp.com cdn.optimizely.com logx.optimizely.com/v1/events wss://alive.github.com; font-src github.githubassets.com; form-action 'self' github.com gist.github.com; frame-ancestors 'none'; frame-src render.githubusercontent.com; img-src 'self' data: github.githubassets.com identicons.github.com collector.githubapp.com github-cloud.s3.amazonaws.com secured-user-images.githubusercontent.com/ *.githubusercontent.com; manifest-src 'self'; media-src 'none'; script-src github.githubassets.com; style-src 'unsafe-inline' github.githubassets.com; worker-src github.com/socket-worker-3f088aa2.js gist.github.com/socket-worker-3f088aa2.js","x-github-request-id":"EF5B:58CA:85DC90:8E7F09:60C361C1"}
[debug] [2021-06-11T13:14:41.451Z] >>> [apiv2][query] GET https://api.github.com/user [none]
[debug] [2021-06-11T13:14:42.132Z] <<< [apiv2][status] GET https://api.github.com/user 200
[debug] [2021-06-11T13:14:42.132Z] <<< [apiv2][body] GET https://api.github.com/user {"login":"fk-faizan","id":58930737,"node_id":"MDQ6VXNlcjU4OTMwNzM3","avatar_url":"https://avatars.githubusercontent.com/u/58930737?v=4","gravatar_id":"","url":"https://api.github.com/users/fk-faizan","html_url":"https://github.com/fk-faizan","followers_url":"https://api.github.com/users/fk-faizan/followers","following_url":"https://api.github.com/users/fk-faizan/following{/other_user}","gists_url":"https://api.github.com/users/fk-faizan/gists{/gist_id}","starred_url":"https://api.github.com/users/fk-faizan/starred{/owner}{/repo}","subscriptions_url":"https://api.github.com/users/fk-faizan/subscriptions","organizations_url":"https://api.github.com/users/fk-faizan/orgs","repos_url":"https://api.github.com/users/fk-faizan/repos","events_url":"https://api.github.com/users/fk-faizan/events{/privacy}","received_events_url":"https://api.github.com/users/fk-faizan/received_events","type":"User","site_admin":false,"name":null,"company":null,"blog":"","location":null,"email":null,"hireable":null,"bio":null,"twitter_username":null,"public_repos":10,"public_gists":0,"followers":0,"following":0,"created_at":"2019-12-16T06:57:37Z","updated_at":"2021-06-09T01:27:15Z","private_gists":0,"total_private_repos":3,"owned_private_repos":3,"disk_usage":15319,"collaborators":0,"two_factor_authentication":false,"plan":{"name":"free","space":976562499,"collaborators":0,"private_repos":10000}}
[info] 
[info] +  Success! Logged into GitHub as fk-faizan 
[info] 
[debug] [2021-06-11T13:15:08.665Z] >>> [apiv2][query] GET https://api.github.com/repos//actions/secrets/public-key type=owner
[debug] [2021-06-11T13:15:09.131Z] <<< [apiv2][status] GET https://api.github.com/repos//actions/secrets/public-key 404
[debug] [2021-06-11T13:15:09.131Z] <<< [apiv2][body] GET https://api.github.com/repos//actions/secrets/public-key {"message":"Not Found","documentation_url":"https://docs.github.com/rest"}
[debug] [2021-06-11T13:15:19.807Z] >>> [apiv2][query] GET https://api.github.com/repos/repository/actions/secrets/public-key type=owner
[debug] [2021-06-11T13:15:20.255Z] <<< [apiv2][status] GET https://api.github.com/repos/repository/actions/secrets/public-key 404
[debug] [2021-06-11T13:15:20.256Z] <<< [apiv2][body] GET https://api.github.com/repos/repository/actions/secrets/public-key {"message":"Not Found","documentation_url":"https://docs.github.com/rest"}
[debug] [2021-06-11T13:15:28.989Z] >>> [apiv2][query] GET https://api.github.com/repos/		user/actions/secrets/public-key type=owner
[debug] [2021-06-11T13:15:29.440Z] <<< [apiv2][status] GET https://api.github.com/repos/		user/actions/secrets/public-key 404
[debug] [2021-06-11T13:15:29.440Z] <<< [apiv2][body] GET https://api.github.com/repos/		user/actions/secrets/public-key {"message":"Not Found","documentation_url":"https://docs.github.com/rest"}
[debug] [2021-06-11T13:15:33.205Z] >>> [apiv2][query] GET https://api.github.com/repos/user/actions/secrets/public-key type=owner
[debug] [2021-06-11T13:15:33.645Z] <<< [apiv2][status] GET https://api.github.com/repos/user/actions/secrets/public-key 404
[debug] [2021-06-11T13:15:33.645Z] <<< [apiv2][body] GET https://api.github.com/repos/user/actions/secrets/public-key {"message":"Not Found","documentation_url":"https://docs.github.com/rest"}
[debug] [2021-06-11T13:15:44.852Z] >>> [apiv2][query] GET https://api.github.com/repos/user/repository/actions/secrets/public-key type=owner
[debug] [2021-06-11T13:15:45.350Z] <<< [apiv2][status] GET https://api.github.com/repos/user/repository/actions/secrets/public-key 404
[debug] [2021-06-11T13:15:45.351Z] <<< [apiv2][body] GET https://api.github.com/repos/user/repository/actions/secrets/public-key {"message":"Not Found","documentation_url":"https://docs.github.com/rest/reference/actions#get-a-repository-public-key"}
[debug] [2021-06-11T13:16:01.342Z] >>> [apiv2][query] GET https://api.github.com/repos/noon-clone/actions/secrets/public-key type=owner
[debug] [2021-06-11T13:16:01.816Z] <<< [apiv2][status] GET https://api.github.com/repos/noon-clone/actions/secrets/public-key 404
[debug] [2021-06-11T13:16:01.816Z] <<< [apiv2][body] GET https://api.github.com/repos/noon-clone/actions/secrets/public-key {"message":"Not Found","documentation_url":"https://docs.github.com/rest"}
